<?xml version="1.0" encoding="UTF-8"?>
<!-- Generated by org.testng.reporters.JUnitXMLReporter -->
<testsuite hostname="SJO-WS0452L" name="Automation Basics" tests="17" failures="0" timestamp="26 Oct 2016 21:03:13 GMT" time="83.302" errors="0">
  <testcase name="testTc09AdsProfilePageDisplayedCorrectly" time="0.561" classname="tests.AdsProfileTests"/>
  <testcase name="testTc10LogInPageDisplayedWhenUserNotLogged" time="0.206" classname="tests.AdsProfileTests"/>
  <testcase name="testTc03searchViewAntiquesCollectibles" time="0.278" classname="tests.BrowseCTests"/>
  <testcase name="testTc04searchViewArtCrafts" time="0.14" classname="tests.BrowseCTests"/>
  <testcase name="testTc05searchViewAuto" time="0.164" classname="tests.BrowseCTests"/>
  <testcase name="testTc06searchViewAll" time="1.412" classname="tests.BrowseCTests"/>
  <testcase name="testTc01HomePageDisplayed" time="0.036" classname="tests.HomeTests"/>
  <testcase name="testTc02HomePageNavMenu" time="0.084" classname="tests.HomeTests"/>
  <testcase name="testTc15LogIn" time="0.088" classname="tests.LogInTests"/>
  <testcase name="testTc16Usercanlogin" time="0.297" classname="tests.LogInTests"/>
  <testcase name="testTc17Invalidlogin" time="0.325" classname="tests.LogInTests"/>
  <testcase name="testTc07PostAdPageDisplayedCorrectly" time="0.528" classname="tests.PostAdTests"/>
  <testcase name="testTc08LogInPageDisplayedWhenUserNotLogged" time="0.505" classname="tests.PostAdTests"/>
  <testcase name="testTc11RegisterPageDisplayed" time="0.25" classname="tests.RegisterTests"/>
  <testcase name="testTc12MandatoryFieldsMessages" time="0.42" classname="tests.RegisterTests"/>
  <testcase name="testTc13UsernameAlreadyTaken" time="0.83" classname="tests.RegisterTests"/>
  <testcase name="testTc14ConfirmPasswordErrorMessage" time="0.775" classname="tests.RegisterTests"/>
</testsuite> <!-- Automation Basics -->
